# JRE version: OpenJDK Runtime Environment (21.0.6) (build 21.0.6+-13355223-b631.42)
# Java VM: OpenJDK 64-Bit Server VM (21.0.6+-13355223-b631.42, mixed mode, tiered, compressed oops, compressed class ptrs, g1 gc, windows-amd64)
GC Precious Log:
 CardTable entry size: 512
 Card Set container configuration: InlinePtr #cards 5 size 8 Array Of Cards #cards 12 size 40 Howl #buckets 4 coarsen threshold 1843 Howl Bitmap #cards 512 size 80 coarsen threshold 460 Card regions per heap region 1 cards per card region 2048
 CPUs: 12 total, 12 available
 Memory: 7502M
 Large Page Support: Disabled
 NUMA Support: Disabled
 Compressed Oops: Enabled (32-bit)
 Heap Region Size: 1M
 Heap Min Capacity: 8M
 Heap Initial Capacity: 118M
 Heap Max Capacity: 2G
 Pre-touch: Disabled
 Parallel Workers: 10
 Concurrent Workers: 3
 Concurrent Refinement Workers: 10
 Periodic GC: Disabled
Heap:
 garbage-first heap   total 403456K, used 320009K [0x0000000080000000, 0x0000000100000000)
  region size 1024K, 97 young (99328K), 18 survivors (18432K)
 Metaspace       used 220996K, committed 224000K, reserved 1245184K
  class space    used 27999K, committed 29504K, reserved 1048576K
GC Heap History (20 events):
Event: 51.553 GC heap before
{Heap before GC invocations=55 (full 0):
 garbage-first heap   total 353280K, used 296033K [0x0000000080000000, 0x0000000100000000)
  region size 1024K, 90 young (92160K), 7 survivors (7168K)
 Metaspace       used 179813K, committed 182528K, reserved 1245184K
  class space    used 22899K, committed 24256K, reserved 1048576K
}
Event: 51.562 GC heap after
{Heap after GC invocations=56 (full 0):
 garbage-first heap   total 353280K, used 212192K [0x0000000080000000, 0x0000000100000000)
  region size 1024K, 9 young (9216K), 9 survivors (9216K)
 Metaspace       used 179813K, committed 182528K, reserved 1245184K
  class space    used 22899K, committed 24256K, reserved 1048576K
}
Event: 59.747 GC heap before
{Heap before GC invocations=56 (full 0):
 garbage-first heap   total 353280K, used 338144K [0x0000000080000000, 0x0000000100000000)
  region size 1024K, 118 young (120832K), 9 survivors (9216K)
 Metaspace       used 186590K, committed 189376K, reserved 1245184K
  class space    used 23895K, committed 25280K, reserved 1048576K
}
Event: 59.764 GC heap after
{Heap after GC invocations=57 (full 0):
 garbage-first heap   total 359424K, used 229881K [0x0000000080000000, 0x0000000100000000)
  region size 1024K, 13 young (13312K), 13 survivors (13312K)
 Metaspace       used 186590K, committed 189376K, reserved 1245184K
  class space    used 23895K, committed 25280K, reserved 1048576K
}
Event: 68.942 GC heap before
{Heap before GC invocations=57 (full 0):
 garbage-first heap   total 359424K, used 325113K [0x0000000080000000, 0x0000000100000000)
  region size 1024K, 107 young (109568K), 13 survivors (13312K)
 Metaspace       used 189343K, committed 192128K, reserved 1245184K
  class space    used 24216K, committed 25600K, reserved 1048576K
}
Event: 68.964 GC heap after
{Heap after GC invocations=58 (full 0):
 garbage-first heap   total 359424K, used 233910K [0x0000000080000000, 0x0000000100000000)
  region size 1024K, 8 young (8192K), 8 survivors (8192K)
 Metaspace       used 189343K, committed 192128K, reserved 1245184K
  class space    used 24216K, committed 25600K, reserved 1048576K
}
Event: 70.257 GC heap before
{Heap before GC invocations=58 (full 0):
 garbage-first heap   total 359424K, used 252342K [0x0000000080000000, 0x0000000100000000)
  region size 1024K, 28 young (28672K), 8 survivors (8192K)
 Metaspace       used 192441K, committed 195200K, reserved 1245184K
  class space    used 24640K, committed 26048K, reserved 1048576K
}
Event: 70.268 GC heap after
{Heap after GC invocations=59 (full 0):
 garbage-first heap   total 359424K, used 236168K [0x0000000080000000, 0x0000000100000000)
  region size 1024K, 3 young (3072K), 3 survivors (3072K)
 Metaspace       used 192441K, committed 195200K, reserved 1245184K
  class space    used 24640K, committed 26048K, reserved 1048576K
}
Event: 72.902 GC heap before
{Heap before GC invocations=60 (full 0):
 garbage-first heap   total 398336K, used 324232K [0x0000000080000000, 0x0000000100000000)
  region size 1024K, 86 young (88064K), 3 survivors (3072K)
 Metaspace       used 200797K, committed 203712K, reserved 1245184K
  class space    used 25693K, committed 27136K, reserved 1048576K
}
Event: 72.911 GC heap after
{Heap after GC invocations=61 (full 0):
 garbage-first heap   total 398336K, used 232912K [0x0000000080000000, 0x0000000100000000)
  region size 1024K, 6 young (6144K), 6 survivors (6144K)
 Metaspace       used 200797K, committed 203712K, reserved 1245184K
  class space    used 25693K, committed 27136K, reserved 1048576K
}
Event: 74.945 GC heap before
{Heap before GC invocations=61 (full 0):
 garbage-first heap   total 398336K, used 353744K [0x0000000080000000, 0x0000000100000000)
  region size 1024K, 123 young (125952K), 6 survivors (6144K)
 Metaspace       used 207413K, committed 210304K, reserved 1245184K
  class space    used 26616K, committed 28032K, reserved 1048576K
}
Event: 74.955 GC heap after
{Heap after GC invocations=62 (full 0):
 garbage-first heap   total 398336K, used 232305K [0x0000000080000000, 0x0000000100000000)
  region size 1024K, 11 young (11264K), 11 survivors (11264K)
 Metaspace       used 207413K, committed 210304K, reserved 1245184K
  class space    used 26616K, committed 28032K, reserved 1048576K
}
Event: 75.622 GC heap before
{Heap before GC invocations=62 (full 0):
 garbage-first heap   total 398336K, used 355185K [0x0000000080000000, 0x0000000100000000)
  region size 1024K, 131 young (134144K), 11 survivors (11264K)
 Metaspace       used 207435K, committed 210304K, reserved 1245184K
  class space    used 26619K, committed 28032K, reserved 1048576K
}
Event: 75.632 GC heap after
{Heap after GC invocations=63 (full 0):
 garbage-first heap   total 398336K, used 232928K [0x0000000080000000, 0x0000000100000000)
  region size 1024K, 7 young (7168K), 7 survivors (7168K)
 Metaspace       used 207435K, committed 210304K, reserved 1245184K
  class space    used 26619K, committed 28032K, reserved 1048576K
}
Event: 78.448 GC heap before
{Heap before GC invocations=64 (full 0):
 garbage-first heap   total 398336K, used 371168K [0x0000000080000000, 0x0000000100000000)
  region size 1024K, 138 young (141312K), 7 survivors (7168K)
 Metaspace       used 212288K, committed 215232K, reserved 1245184K
  class space    used 27061K, committed 28480K, reserved 1048576K
}
Event: 78.455 GC heap after
{Heap after GC invocations=65 (full 0):
 garbage-first heap   total 398336K, used 229945K [0x0000000080000000, 0x0000000100000000)
  region size 1024K, 6 young (6144K), 6 survivors (6144K)
 Metaspace       used 212288K, committed 215232K, reserved 1245184K
  class space    used 27061K, committed 28480K, reserved 1048576K
}
Event: 87.319 GC heap before
{Heap before GC invocations=65 (full 0):
 garbage-first heap   total 398336K, used 369209K [0x0000000080000000, 0x0000000100000000)
  region size 1024K, 143 young (146432K), 6 survivors (6144K)
 Metaspace       used 213602K, committed 216512K, reserved 1245184K
  class space    used 27120K, committed 28544K, reserved 1048576K
}
Event: 87.333 GC heap after
{Heap after GC invocations=66 (full 0):
 garbage-first heap   total 398336K, used 231163K [0x0000000080000000, 0x0000000100000000)
  region size 1024K, 11 young (11264K), 11 survivors (11264K)
 Metaspace       used 213602K, committed 216512K, reserved 1245184K
  class space    used 27120K, committed 28544K, reserved 1048576K
}
Event: 98.487 GC heap before
{Heap before GC invocations=66 (full 0):
 garbage-first heap   total 398336K, used 366331K [0x0000000080000000, 0x0000000100000000)
  region size 1024K, 143 young (146432K), 11 survivors (11264K)
 Metaspace       used 220033K, committed 222976K, reserved 1245184K
  class space    used 27897K, committed 29376K, reserved 1048576K
}
Event: 98.509 GC heap after
{Heap after GC invocations=67 (full 0):
 garbage-first heap   total 398336K, used 241161K [0x0000000080000000, 0x0000000100000000)
  region size 1024K, 18 young (18432K), 18 survivors (18432K)
 Metaspace       used 220033K, committed 222976K, reserved 1245184K
  class space    used 27897K, committed 29376K, reserved 1048576K
}

